<?xml version="1.0" encoding="UTF-8"?>
<!-- Generated by org.testng.reporters.JUnitReportReporter -->
<testsuite hostname="DESKTOP-3LP04PR" failures="0" tests="2" name="test1.Demo" time="108.178" errors="0" timestamp="2023-12-13T12:05:12 IST" skipped="0">
  <testcase classname="test1.Demo" name="verifyTitle" time="77.043"/>
  <testcase classname="test1.Demo" name="verifyLogo" time="31.135"/>
</testsuite> <!-- test1.Demo -->
